#
# There is insufficient memory for the Java Runtime Environment to continue.
# Native memory allocation (malloc) failed to allocate 484496 bytes for Chunk::new
# Possible reasons:
#   The system is out of physical RAM or swap space
#   In 32 bit mode, the process size limit was hit
# Possible solutions:
#   Reduce memory load on the system
#   Increase physical memory or swap space
#   Check if swap backing store is full
#   Use 64 bit Java on a 64 bit OS
#   Decrease Java heap size (-Xmx/-Xms)
#   Decrease number of Java threads
#   Decrease Java thread stack sizes (-Xss)
#   Set larger code cache with -XX:ReservedCodeCacheSize=
# This output file may be truncated or incomplete.
#
#  Out of Memory Error (allocation.cpp:323), pid=8232, tid=1600
#
# JRE version: Java(TM) SE Runtime Environment (7.0_79-b15) (build 1.7.0_79-b15)
# Java VM: Java HotSpot(TM) 64-Bit Server VM (24.79-b02 mixed mode windows-amd64 compressed oops)
# Failed to write core dump. Minidumps are not enabled by default on client versions of Windows
#

---------------  T H R E A D  ---------------

Current thread (0x0000000009b54000):  JavaThread "C2 CompilerThread0" daemon [_thread_in_native, id=1600, stack(0x000000000b3d0000,0x000000000b4d0000)]

Stack: [0x000000000b3d0000,0x000000000b4d0000]
[error occurred during error reporting (printing stack bounds), id 0xc0000005]


[error occurred during error reporting (printing native stack), id 0xc0000005]


Current CompileTask:
C2:  24533  632             com.android.dx.dex.code.OutputFinisher::addConstants (93 bytes)


---------------  P R O C E S S  ---------------

Java Threads: ( => current thread )
  0x0000000009cf9000 JavaThread "pool-1-thread-1" [_thread_in_Java, id=9020, stack(0x000000000bc80000,0x000000000bd80000)]
  0x0000000009b72800 JavaThread "Service Thread" daemon [_thread_blocked, id=6252, stack(0x000000000b740000,0x000000000b840000)]
  0x0000000009b6a000 JavaThread "C2 CompilerThread1" daemon [_thread_in_vm, id=1292, stack(0x000000000b520000,0x000000000b620000)]
=>0x0000000009b54000 JavaThread "C2 CompilerThread0" daemon [_thread_in_native, id=1600, stack(0x000000000b3d0000,0x000000000b4d0000)]
  0x0000000008aba000 JavaThread "Attach Listener" daemon [_thread_blocked, id=8924, stack(0x000000000b200000,0x000000000b300000)]
  0x0000000008ab9000 JavaThread "Signal Dispatcher" daemon [_thread_blocked, id=8940, stack(0x000000000b080000,0x000000000b180000)]
  0x0000000008aa6800 JavaThread "Finalizer" daemon [_thread_blocked, id=7708, stack(0x000000000ac60000,0x000000000ad60000)]
  0x0000000001e5a800 JavaThread "Reference Handler" daemon [_thread_blocked, id=2116, stack(0x000000000ae00000,0x000000000af00000)]
  0x0000000001f1f000 JavaThread "main" [_thread_blocked, id=8708, stack(0x00000000020f0000,0x00000000021f0000)]

Other Threads:
  0x0000000008a9d800 VMThread [stack: 0x000000000ab20000,0x000000000ac20000] [id=8136]
  0x0000000009b7c000 WatcherThread [stack: 0x000000000af70000,0x000000000b070000] [id=6908]

VM state:not at safepoint (normal execution)

VM Mutex/Monitor currently owned by a thread: None

Heap
 PSYoungGen      total 71680K, used 10531K [0x00000000eaa80000, 0x00000000f4e80000, 0x0000000100000000)
  eden space 66560K, 8% used [0x00000000eaa80000,0x00000000eafd0db8,0x00000000eeb80000)
  from space 5120K, 99% used [0x00000000eeb80000,0x00000000ef078048,0x00000000ef080000)
  to   space 17408K, 0% used [0x00000000f3d80000,0x00000000f3d80000,0x00000000f4e80000)
 ParOldGen       total 86528K, used 26833K [0x00000000c0000000, 0x00000000c5480000, 0x00000000eaa80000)
  object space 86528K, 31% used [0x00000000c0000000,0x00000000c1a34700,0x00000000c5480000)
 PSPermGen       total 21504K, used 6027K [0x00000000bae00000, 0x00000000bc300000, 0x00000000c0000000)
  object space 21504K, 28% used [0x00000000bae00000,0x00000000bb3e2df8,0x00000000bc300000)

Card table byte_map: [0x00000000051f0000,0x0000000005420000] byte_map_base: 0x0000000004c19000

Polling page: 0x0000000000210000

Code Cache  [0x00000000021f0000, 0x0000000002460000, 0x00000000051f0000)
 total_blobs=861 nmethods=625 adapters=189 free_code_cache=46842Kb largest_free_block=47917056

Compilation events (10 events):
Event: 24.477 Thread 0x0000000009b6a000  629             java.util.TreeMap::getFirstEntry (26 bytes)
Event: 24.479 Thread 0x0000000009b6a000 nmethod 629 0x0000000002438c10 code [0x0000000002438d40, 0x0000000002438dd8]
Event: 24.486 Thread 0x0000000009b54000  630             java.util.AbstractMap::hashCode (43 bytes)
Event: 24.500 Thread 0x0000000009b6a000  631             com.android.dx.rop.cst.CstType::hashCode (8 bytes)
Event: 24.502 Thread 0x0000000009b54000 nmethod 630 0x000000000243af50 code [0x000000000243b0c0, 0x000000000243b4f8]
Event: 24.504 Thread 0x0000000009b54000  632             com.android.dx.dex.code.OutputFinisher::addConstants (93 bytes)
Event: 24.504 Thread 0x0000000009b6a000 nmethod 631 0x0000000002438790 code [0x00000000024388e0, 0x0000000002438a78]
Event: 24.506 Thread 0x0000000009b6a000  633             java.util.HashMap::put (142 bytes)
Event: 24.524 Thread 0x0000000009b6a000 nmethod 633 0x000000000243c810 code [0x000000000243ca00, 0x000000000243d0d0]
Event: 24.524 Thread 0x0000000009b6a000  634             com.android.dx.dex.code.OutputFinisher::getAllConstants (47 bytes)

GC Heap History (10 events):
Event: 1.735 GC heap before
{Heap before GC invocations=1 (full 0):
 PSYoungGen      total 38400K, used 33280K [0x00000000eaa80000, 0x00000000ed500000, 0x0000000100000000)
  eden space 33280K, 100% used [0x00000000eaa80000,0x00000000ecb00000,0x00000000ecb00000)
  from space 5120K, 0% used [0x00000000ed000000,0x00000000ed000000,0x00000000ed500000)
  to   space 5120K, 0% used [0x00000000ecb00000,0x00000000ecb00000,0x00000000ed000000)
 ParOldGen       total 86528K, used 0K [0x00000000c0000000, 0x00000000c5480000, 0x00000000eaa80000)
  object space 86528K, 0% used [0x00000000c0000000,0x00000000c0000000,0x00000000c5480000)
 PSPermGen       total 21504K, used 5756K [0x00000000bae00000, 0x00000000bc300000, 0x00000000c0000000)
  object space 21504K, 26% used [0x00000000bae00000,0x00000000bb39f160,0x00000000bc300000)
Event: 1.748 GC heap after
Heap after GC invocations=1 (full 0):
 PSYoungGen      total 38400K, used 5102K [0x00000000eaa80000, 0x00000000ed500000, 0x0000000100000000)
  eden space 33280K, 0% used [0x00000000eaa80000,0x00000000eaa80000,0x00000000ecb00000)
  from space 5120K, 99% used [0x00000000ecb00000,0x00000000ecffb9a8,0x00000000ed000000)
  to   space 5120K, 0% used [0x00000000ed000000,0x00000000ed000000,0x00000000ed500000)
 ParOldGen       total 86528K, used 623K [0x00000000c0000000, 0x00000000c5480000, 0x00000000eaa80000)
  object space 86528K, 0% used [0x00000000c0000000,0x00000000c009bf68,0x00000000c5480000)
 PSPermGen       total 21504K, used 5756K [0x00000000bae00000, 0x00000000bc300000, 0x00000000c0000000)
  object space 21504K, 26% used [0x00000000bae00000,0x00000000bb39f160,0x00000000bc300000)
}
Event: 2.823 GC heap before
{Heap before GC invocations=2 (full 0):
 PSYoungGen      total 38400K, used 38382K [0x00000000eaa80000, 0x00000000ed500000, 0x0000000100000000)
  eden space 33280K, 100% used [0x00000000eaa80000,0x00000000ecb00000,0x00000000ecb00000)
  from space 5120K, 99% used [0x00000000ecb00000,0x00000000ecffb9a8,0x00000000ed000000)
  to   space 5120K, 0% used [0x00000000ed000000,0x00000000ed000000,0x00000000ed500000)
 ParOldGen       total 86528K, used 623K [0x00000000c0000000, 0x00000000c5480000, 0x00000000eaa80000)
  object space 86528K, 0% used [0x00000000c0000000,0x00000000c009bf68,0x00000000c5480000)
 PSPermGen       total 21504K, used 5877K [0x00000000bae00000, 0x00000000bc300000, 0x00000000c0000000)
  object space 21504K, 27% used [0x00000000bae00000,0x00000000bb3bd5d0,0x00000000bc300000)
Event: 2.866 GC heap after
Heap after GC invocations=2 (full 0):
 PSYoungGen      total 38400K, used 5119K [0x00000000eaa80000, 0x00000000ef580000, 0x0000000100000000)
  eden space 33280K, 0% used [0x00000000eaa80000,0x00000000eaa80000,0x00000000ecb00000)
  from space 5120K, 99% used [0x00000000ed000000,0x00000000ed4ffce0,0x00000000ed500000)
  to   space 5120K, 0% used [0x00000000ecb00000,0x00000000ecb00000,0x00000000ed000000)
 ParOldGen       total 86528K, used 5253K [0x00000000c0000000, 0x00000000c5480000, 0x00000000eaa80000)
  object space 86528K, 6% used [0x00000000c0000000,0x00000000c0521558,0x00000000c5480000)
 PSPermGen       total 21504K, used 5877K [0x00000000bae00000, 0x00000000bc300000, 0x00000000c0000000)
  object space 21504K, 27% used [0x00000000bae00000,0x00000000bb3bd5d0,0x00000000bc300000)
}
Event: 3.294 GC heap before
{Heap before GC invocations=3 (full 0):
 PSYoungGen      total 38400K, used 38399K [0x00000000eaa80000, 0x00000000ef580000, 0x0000000100000000)
  eden space 33280K, 100% used [0x00000000eaa80000,0x00000000ecb00000,0x00000000ecb00000)
  from space 5120K, 99% used [0x00000000ed000000,0x00000000ed4ffce0,0x00000000ed500000)
  to   space 5120K, 0% used [0x00000000ecb00000,0x00000000ecb00000,0x00000000ed000000)
 ParOldGen       total 86528K, used 5253K [0x00000000c0000000, 0x00000000c5480000, 0x00000000eaa80000)
  object space 86528K, 6% used [0x00000000c0000000,0x00000000c0521558,0x00000000c5480000)
 PSPermGen       total 21504K, used 5908K [0x00000000bae00000, 0x00000000bc300000, 0x00000000c0000000)
  object space 21504K, 27% used [0x00000000bae00000,0x00000000bb3c53d0,0x00000000bc300000)
Event: 3.316 GC heap after
Heap after GC invocations=3 (full 0):
 PSYoungGen      total 38400K, used 5108K [0x00000000eaa80000, 0x00000000ef580000, 0x0000000100000000)
  eden space 33280K, 0% used [0x00000000eaa80000,0x00000000eaa80000,0x00000000ecb00000)
  from space 5120K, 99% used [0x00000000ecb00000,0x00000000ecffd240,0x00000000ed000000)
  to   space 5120K, 0% used [0x00000000ef080000,0x00000000ef080000,0x00000000ef580000)
 ParOldGen       total 86528K, used 10071K [0x00000000c0000000, 0x00000000c5480000, 0x00000000eaa80000)
  object space 86528K, 11% used [0x00000000c0000000,0x00000000c09d5f38,0x00000000c5480000)
 PSPermGen       total 21504K, used 5908K [0x00000000bae00000, 0x00000000bc300000, 0x00000000c0000000)
  object space 21504K, 27% used [0x00000000bae00000,0x00000000bb3c53d0,0x00000000bc300000)
}
Event: 9.352 GC heap before
{Heap before GC invocations=4 (full 0):
 PSYoungGen      total 38400K, used 38289K [0x00000000eaa80000, 0x00000000ef580000, 0x0000000100000000)
  eden space 33280K, 99% used [0x00000000eaa80000,0x00000000ecae7538,0x00000000ecb00000)
  from space 5120K, 99% used [0x00000000ecb00000,0x00000000ecffd240,0x00000000ed000000)
  to   space 5120K, 0% used [0x00000000ef080000,0x00000000ef080000,0x00000000ef580000)
 ParOldGen       total 86528K, used 10071K [0x00000000c0000000, 0x00000000c5480000, 0x00000000eaa80000)
  object space 86528K, 11% used [0x00000000c0000000,0x00000000c09d5f38,0x00000000c5480000)
 PSPermGen       total 21504K, used 5936K [0x00000000bae00000, 0x00000000bc300000, 0x00000000c0000000)
  object space 21504K, 27% used [0x00000000bae00000,0x00000000bb3cc248,0x00000000bc300000)
Event: 10.417 GC heap after
Heap after GC invocations=4 (full 0):
 PSYoungGen      total 71680K, used 5104K [0x00000000eaa80000, 0x00000000ef580000, 0x0000000100000000)
  eden space 66560K, 0% used [0x00000000eaa80000,0x00000000eaa80000,0x00000000eeb80000)
  from space 5120K, 99% used [0x00000000ef080000,0x00000000ef57c028,0x00000000ef580000)
  to   space 5120K, 0% used [0x00000000eeb80000,0x00000000eeb80000,0x00000000ef080000)
 ParOldGen       total 86528K, used 15635K [0x00000000c0000000, 0x00000000c5480000, 0x00000000eaa80000)
  object space 86528K, 18% used [0x00000000c0000000,0x00000000c0f44ee0,0x00000000c5480000)
 PSPermGen       total 21504K, used 5936K [0x00000000bae00000, 0x00000000bc300000, 0x00000000c0000000)
  object space 21504K, 27% used [0x00000000bae00000,0x00000000bb3cc248,0x00000000bc300000)
}
Event: 20.676 GC heap before
{Heap before GC invocations=5 (full 0):
 PSYoungGen      total 71680K, used 71664K [0x00000000eaa80000, 0x00000000ef580000, 0x0000000100000000)
  eden space 66560K, 100% used [0x00000000eaa80000,0x00000000eeb80000,0x00000000eeb80000)
  from space 5120K, 99% used [0x00000000ef080000,0x00000000ef57c028,0x00000000ef580000)
  to   space 5120K, 0% used [0x00000000eeb80000,0x00000000eeb80000,0x00000000ef080000)
 ParOldGen       total 86528K, used 15635K [0x00000000c0000000, 0x00000000c5480000, 0x00000000eaa80000)
  object space 86528K, 18% used [0x00000000c0000000,0x00000000c0f44ee0,0x00000000c5480000)
 PSPermGen       total 21504K, used 5980K [0x00000000bae00000, 0x00000000bc300000, 0x00000000c0000000)
  object space 21504K, 27% used [0x00000000bae00000,0x00000000bb3d71a8,0x00000000bc300000)
Event: 23.238 GC heap after
Heap after GC invocations=5 (full 0):
 PSYoungGen      total 71680K, used 5088K [0x00000000eaa80000, 0x00000000f4e80000, 0x0000000100000000)
  eden space 66560K, 0% used [0x00000000eaa80000,0x00000000eaa80000,0x00000000eeb80000)
  from space 5120K, 99% used [0x00000000eeb80000,0x00000000ef078048,0x00000000ef080000)
  to   space 17408K, 0% used [0x00000000f3d80000,0x00000000f3d80000,0x00000000f4e80000)
 ParOldGen       total 86528K, used 26833K [0x00000000c0000000, 0x00000000c5480000, 0x00000000eaa80000)
  object space 86528K, 31% used [0x00000000c0000000,0x00000000c1a34700,0x00000000c5480000)
 PSPermGen       total 21504K, used 5980K [0x00000000bae00000, 0x00000000bc300000, 0x00000000c0000000)
  object space 21504K, 27% used [0x00000000bae00000,0x00000000bb3d71a8,0x00000000bc300000)
}

Deoptimization events (10 events):
Event: 3.346 Thread 0x0000000001f1f000 Uncommon trap: reason=bimorphic action=maybe_recompile pc=0x00000000022f549c method=java.util.HashMap.put(Ljava/lang/Object;Ljava/lang/Object;)Ljava/lang/Object; @ 83
Event: 4.506 Thread 0x0000000009d8f800 Uncommon trap: reason=null_check action=make_not_entrant pc=0x000000000235082c method=com.android.dx.dex.file.FieldIdsSection.intern(Lcom/android/dx/rop/cst/CstFieldRef;)Lcom/android/dx/dex/file/FieldIdItem; @ 26
Event: 6.259 Thread 0x0000000009d8b800 Uncommon trap: reason=null_check action=make_not_entrant pc=0x0000000002408ee8 method=com.android.dx.dex.cf.AttributeTranslator.getSignature(Lcom/android/dx/cf/iface/AttributeList;)Lcom/android/dx/rop/annotation/Annotation; @ 8
Event: 12.352 Thread 0x0000000009d8b800 Uncommon trap: reason=null_check action=make_not_entrant pc=0x00000000024143d4 method=com.android.dx.cf.code.Ropper$CatchInfo.getSetup(Lcom/android/dx/rop/type/Type;)Lcom/android/dx/cf/code/Ropper$ExceptionHandlerSetup; @ 10
Event: 12.358 Thread 0x0000000009d8b800 Uncommon trap: reason=class_check action=maybe_recompile pc=0x00000000023482f0 method=com.android.dx.ssa.SsaMethod.isRegALocal(Lcom/android/dx/rop/code/RegisterSpec;)Z @ 16
Event: 12.358 Thread 0x0000000009d8b800 Uncommon trap: reason=class_check action=maybe_recompile pc=0x00000000023482f0 method=com.android.dx.ssa.SsaMethod.isRegALocal(Lcom/android/dx/rop/code/RegisterSpec;)Z @ 16
Event: 12.358 Thread 0x0000000009d8b800 Uncommon trap: reason=class_check action=maybe_recompile pc=0x00000000023482f0 method=com.android.dx.ssa.SsaMethod.isRegALocal(Lcom/android/dx/rop/code/RegisterSpec;)Z @ 16
Event: 12.358 Thread 0x0000000009d8b800 Uncommon trap: reason=class_check action=maybe_recompile pc=0x00000000023482f0 method=com.android.dx.ssa.SsaMethod.isRegALocal(Lcom/android/dx/rop/code/RegisterSpec;)Z @ 16
Event: 24.463 Thread 0x0000000009cf9000 Uncommon trap: reason=bimorphic action=maybe_recompile pc=0x00000000022f549c method=java.util.HashMap.put(Ljava/lang/Object;Ljava/lang/Object;)Ljava/lang/Object; @ 83
Event: 24.463 Thread 0x0000000009cf9000 Uncommon trap: reason=bimorphic action=maybe_recompile pc=0x00000000022f549c method=java.util.HashMap.put(Ljava/lang/Object;Ljava/lang/Object;)Ljava/lang/Object; @ 83

Internal exceptions (10 events):
Event: 2.095 Thread 0x0000000001f1f000 Implicit null exception at 0x00000000022b4aeb to 0x00000000022b51c9
Event: 2.260 Thread 0x0000000009d8e800 Implicit null exception at 0x00000000022867d2 to 0x00000000022868c2
Event: 2.898 Thread 0x0000000001f1f000 Threw 0x00000000eaabd0c8 at C:\re\jdk7u79\2331\hotspot\src\share\vm\prims\jvm.cpp:1304
Event: 3.533 Thread 0x0000000009d8b800 Threw 0x00000000eb73e1e0 at C:\re\jdk7u79\2331\hotspot\src\share\vm\prims\jvm.cpp:1304
Event: 3.982 Thread 0x0000000001f1f000 Threw 0x00000000ebcdab70 at C:\re\jdk7u79\2331\hotspot\src\share\vm\prims\jvm.cpp:1304
Event: 6.259 Thread 0x0000000009d8b800 Implicit null exception at 0x000000000240699c to 0x0000000002408edd
Event: 12.352 Thread 0x0000000009d8b800 Implicit null exception at 0x00000000024117bc to 0x00000000024143a1
Event: 24.351 Thread 0x0000000001f1f000 Threw 0x00000000eaea27b0 at C:\re\jdk7u79\2331\hotspot\src\share\vm\prims\jvm.cpp:1304
Event: 24.403 Thread 0x0000000009cf9000 Threw 0x00000000eaef6e40 at C:\re\jdk7u79\2331\hotspot\src\share\vm\prims\jvm.cpp:1304
Event: 24.493 Thread 0x0000000009cf9000 Threw 0x00000000eaf7d870 at C:\re\jdk7u79\2331\hotspot\src\share\vm\prims\jvm.cpp:1304

Events (10 events):
Event: 24.403 loading class 0x0000000009cf0e10 done
Event: 24.463 Thread 0x0000000009cf9000 Uncommon trap: trap_request=0xffffffc6 fr.pc=0x00000000022f549c
Event: 24.463 Thread 0x0000000009cf9000 DEOPT PACKING pc=0x00000000022f549c sp=0x000000000bd7ef80
Event: 24.463 Thread 0x0000000009cf9000 DEOPT UNPACKING pc=0x0000000002229064 sp=0x000000000bd7ef28 mode 2
Event: 24.463 Thread 0x0000000009cf9000 Uncommon trap: trap_request=0xffffffc6 fr.pc=0x00000000022f549c
Event: 24.463 Thread 0x0000000009cf9000 DEOPT PACKING pc=0x00000000022f549c sp=0x000000000bd7ef80
Event: 24.463 Thread 0x0000000009cf9000 DEOPT UNPACKING pc=0x0000000002229064 sp=0x000000000bd7ef28 mode 2
Event: 24.493 loading class 0x0000000009d6a3e0
Event: 24.493 loading class 0x0000000009d6a3e0 done
Event: 24.502 Thread 0x0000000009b54000 flushing nmethod 0x000000000234ee90


Dynamic libraries:
0x000000013f200000 - 0x000000013f233000 	C:\Program Files\Java\jdk1.7.0_79\bin\java.exe
0x0000000077a20000 - 0x0000000077bca000 	C:\Windows\SYSTEM32\ntdll.dll
0x0000000077900000 - 0x0000000077a1f000 	C:\Windows\system32\kernel32.dll
0x000007fefd8b0000 - 0x000007fefd91a000 	C:\Windows\system32\KERNELBASE.dll
0x000007fefe390000 - 0x000007fefe46b000 	C:\Windows\system32\ADVAPI32.dll
0x000007fefdb70000 - 0x000007fefdc0f000 	C:\Windows\system32\msvcrt.dll
0x000007fefe470000 - 0x000007fefe48f000 	C:\Windows\SYSTEM32\sechost.dll
0x000007fefdc10000 - 0x000007fefdd3d000 	C:\Windows\system32\RPCRT4.dll
0x0000000077800000 - 0x00000000778fa000 	C:\Windows\system32\USER32.dll
0x000007fefe320000 - 0x000007fefe387000 	C:\Windows\system32\GDI32.dll
0x000007fefdfa0000 - 0x000007fefdfae000 	C:\Windows\system32\LPK.dll
0x000007fefded0000 - 0x000007fefdf9a000 	C:\Windows\system32\USP10.dll
0x000007fefc140000 - 0x000007fefc334000 	C:\Windows\WinSxS\amd64_microsoft.windows.common-controls_6595b64144ccf1df_6.0.7601.18837_none_fa3b1e3d17594757\COMCTL32.dll
0x000007fefe6a0000 - 0x000007fefe711000 	C:\Windows\system32\SHLWAPI.dll
0x000007feffa20000 - 0x000007feffa4e000 	C:\Windows\system32\IMM32.DLL
0x000007fefe800000 - 0x000007fefe909000 	C:\Windows\system32\MSCTF.dll
0x0000000079690000 - 0x0000000079762000 	C:\Program Files\Java\jdk1.7.0_79\jre\bin\msvcr100.dll
0x000000006e2e0000 - 0x000000006eab5000 	C:\Program Files\Java\jdk1.7.0_79\jre\bin\server\jvm.dll
0x000007fef5c30000 - 0x000007fef5c39000 	C:\Windows\system32\WSOCK32.dll
0x000007fefebb0000 - 0x000007fefebfd000 	C:\Windows\system32\WS2_32.dll
0x000007feff990000 - 0x000007feff998000 	C:\Windows\system32\NSI.dll
0x000007fefa220000 - 0x000007fefa25b000 	C:\Windows\system32\WINMM.dll
0x0000000077bf0000 - 0x0000000077bf7000 	C:\Windows\system32\PSAPI.DLL
0x0000000050060000 - 0x000000005006f000 	C:\Program Files\Java\jdk1.7.0_79\jre\bin\verify.dll
0x000000006d120000 - 0x000000006d148000 	C:\Program Files\Java\jdk1.7.0_79\jre\bin\java.dll
0x0000000000350000 - 0x0000000000365000 	C:\Program Files\Java\jdk1.7.0_79\jre\bin\zip.dll
0x00000000003c0000 - 0x00000000003da000 	C:\Program Files\Java\jdk1.7.0_79\jre\bin\net.dll
0x000007fefcf30000 - 0x000007fefcf85000 	C:\Windows\system32\mswsock.dll
0x000007fefcf20000 - 0x000007fefcf27000 	C:\Windows\System32\wship6.dll
0x00000000003e0000 - 0x00000000003f1000 	C:\Program Files\Java\jdk1.7.0_79\jre\bin\nio.dll

VM Arguments:
jvm_args: -Djava.awt.headless=true -Xmx1024M -Dfile.encoding=windows-1252 -Duser.country=US -Duser.language=en -Duser.variant 
java_command: com.android.dx.command.Main --dex --num-threads=4 --multi-dex --output C:\Users\Stephen\Documents\WhereYa@\app\build\intermediates\transforms\dex\debug\folders\1000\10\com.google.android.gms-play-services-drive-8.4.0_91c4cf2c3c31ccc06437a7143b440b8a21b1f8c0 C:\Users\Stephen\Documents\WhereYa@\app\build\intermediates\exploded-aar\com.google.android.gms\play-services-drive\8.4.0\jars\classes.jar
Launcher Type: SUN_STANDARD

Environment Variables:
PATH=C:\oraclexe\app\oracle\product\11.2.0\server\bin;C:\Program Files\Common Files\Microsoft Shared\Windows Live;C:\Program Files (x86)\Common Files\Microsoft Shared\Windows Live;C:\Program Files (x86)\NVIDIA Corporation\PhysX\Common;C:\ProgramData\Oracle\Java\javapath;C:\Windows\system32;C:\Windows;C:\Windows\System32\Wbem;C:\Windows\System32\WindowsPowerShell\v1.0\;C:\Program Files\WIDCOMM\Bluetooth Software\;C:\Program Files\WIDCOMM\Bluetooth Software\syswow64;C:\Program Files (x86)\Windows Kits\8.1\Windows Performance Toolkit\;C:\Program Files\Microsoft SQL Server\110\Tools\Binn\;C:\Program Files (x86)\Microsoft SDKs\TypeScript\1.0\;C:\Program Files\Microsoft SQL Server\120\Tools\Binn\;C:\Program Files\Microsoft SQL Server\Client SDK\ODBC\110\Tools\Binn\;C:\Program Files (x86)\Microsoft SQL Server\120\Tools\Binn\;C:\Program Files\Microsoft SQL Server\120\DTS\Binn\;C:\Program Files (x86)\Microsoft SQL Server\120\Tools\Binn\ManagementStudio\;C:\Program Files (x86)\Microsoft SQL Server\120\DTS\Binn\;C:\Program Files (x86)\Windows Live\Shared;C:\Program Files\nodejs\;C:\Program Files (x86)\Skype\Phone\;C:\Windows\system32\config\systemprofile\.dnx\bin;C:\Program Files\Microsoft DNX\Dnvm\;C:\Program Files\Microsoft SQL Server\130\Tools\Binn\;C:\php;C:\php-5.6.14-nts-Win32-VC11-x86;C:\ProgramData\ComposerSetup\bin;C:\Program Files\Git\cmd;C:\Program Files (x86)\Microsoft SQL Server\Client SDK\ODBC\130\Tools\Binn\;C:\Program Files (x86)\Microsoft SQL Server\130\Tools\Binn\;C:\Program Files (x86)\Microsoft SQL Server\130\DTS\Binn\;C:\Program Files (x86)\Microsoft SQL Server\130\Tools\Binn\ManagementStudio\;C:\Users\Stephen\AppData\Roaming\npm;C:\Users\Stephen\AppData\Roaming\Composer\vendor\bin
USERNAME=Stephen
