#
# There is insufficient memory for the Java Runtime Environment to continue.
# Native memory allocation (malloc) failed to allocate 262160 bytes for Chunk::new
# Possible reasons:
#   The system is out of physical RAM or swap space
#   In 32 bit mode, the process size limit was hit
# Possible solutions:
#   Reduce memory load on the system
#   Increase physical memory or swap space
#   Check if swap backing store is full
#   Use 64 bit Java on a 64 bit OS
#   Decrease Java heap size (-Xmx/-Xms)
#   Decrease number of Java threads
#   Decrease Java thread stack sizes (-Xss)
#   Set larger code cache with -XX:ReservedCodeCacheSize=
# This output file may be truncated or incomplete.
#
#  Out of Memory Error (allocation.cpp:323), pid=8752, tid=3588
#
# JRE version: Java(TM) SE Runtime Environment (7.0_79-b15) (build 1.7.0_79-b15)
# Java VM: Java HotSpot(TM) 64-Bit Server VM (24.79-b02 mixed mode windows-amd64 compressed oops)
# Failed to write core dump. Minidumps are not enabled by default on client versions of Windows
#

---------------  T H R E A D  ---------------

Current thread (0x000000000882c000):  JavaThread "C2 CompilerThread1" daemon [_thread_in_native, id=3588, stack(0x000000000af30000,0x000000000b030000)]

Stack: [0x000000000af30000,0x000000000b030000]
[error occurred during error reporting (printing stack bounds), id 0xc0000005]


[error occurred during error reporting (printing native stack), id 0xc0000005]


Current CompileTask:
C2:   2387  216             com.android.dx.ssa.SCCP::run (298 bytes)


---------------  P R O C E S S  ---------------

Java Threads: ( => current thread )
  0x0000000009a2c800 JavaThread "pool-2-thread-4" [_thread_blocked, id=8972, stack(0x000000000c710000,0x000000000c810000)]
  0x0000000009a29800 JavaThread "pool-2-thread-3" [_thread_blocked, id=9172, stack(0x000000000bfe0000,0x000000000c0e0000)]
  0x00000000099de800 JavaThread "pool-2-thread-2" [_thread_blocked, id=9076, stack(0x000000000c4f0000,0x000000000c5f0000)]
  0x00000000099db800 JavaThread "pool-3-thread-1" [_thread_blocked, id=9080, stack(0x000000000c350000,0x000000000c450000)]
  0x0000000009af0000 JavaThread "pool-2-thread-1" [_thread_blocked, id=8384, stack(0x000000000c180000,0x000000000c280000)]
  0x000000000882f800 JavaThread "Service Thread" daemon [_thread_blocked, id=9176, stack(0x000000000b1e0000,0x000000000b2e0000)]
=>0x000000000882c000 JavaThread "C2 CompilerThread1" daemon [_thread_in_native, id=3588, stack(0x000000000af30000,0x000000000b030000)]
  0x0000000008828000 JavaThread "C2 CompilerThread0" daemon [_thread_in_native, id=8836, stack(0x000000000b060000,0x000000000b160000)]
  0x0000000008826000 JavaThread "Attach Listener" daemon [_thread_blocked, id=9024, stack(0x000000000ae30000,0x000000000af30000)]
  0x0000000008825000 JavaThread "Signal Dispatcher" daemon [_thread_blocked, id=8920, stack(0x000000000ad00000,0x000000000ae00000)]
  0x0000000008811000 JavaThread "Finalizer" daemon [_thread_blocked, id=5348, stack(0x000000000aaf0000,0x000000000abf0000)]
  0x0000000008810800 JavaThread "Reference Handler" daemon [_thread_blocked, id=7764, stack(0x000000000a9d0000,0x000000000aad0000)]
  0x000000000014f000 JavaThread "main" [_thread_in_Java, id=980, stack(0x0000000002280000,0x0000000002380000)]

Other Threads:
  0x000000000880d800 VMThread [stack: 0x000000000a7d0000,0x000000000a8d0000] [id=8204]
  0x00000000098e8000 WatcherThread [stack: 0x000000000b380000,0x000000000b480000] [id=5640]

VM state:not at safepoint (normal execution)

VM Mutex/Monitor currently owned by a thread: None

Heap
 PSYoungGen      total 38400K, used 19986K [0x00000000eaa80000, 0x00000000ef580000, 0x0000000100000000)
  eden space 33280K, 44% used [0x00000000eaa80000,0x00000000eb906980,0x00000000ecb00000)
  from space 5120K, 99% used [0x00000000ecb00000,0x00000000ecffdfa0,0x00000000ed000000)
  to   space 5120K, 0% used [0x00000000ef080000,0x00000000ef080000,0x00000000ef580000)
 ParOldGen       total 86528K, used 1435K [0x00000000c0000000, 0x00000000c5480000, 0x00000000eaa80000)
  object space 86528K, 1% used [0x00000000c0000000,0x00000000c0166dc8,0x00000000c5480000)
 PSPermGen       total 21504K, used 5875K [0x00000000bae00000, 0x00000000bc300000, 0x00000000c0000000)
  object space 21504K, 27% used [0x00000000bae00000,0x00000000bb3bcc30,0x00000000bc300000)

Card table byte_map: [0x0000000005380000,0x00000000055b0000] byte_map_base: 0x0000000004da9000

Polling page: 0x0000000000110000

Code Cache  [0x0000000002380000, 0x00000000025f0000, 0x0000000005380000)
 total_blobs=451 nmethods=215 adapters=189 free_code_cache=48310Kb largest_free_block=49437312

Compilation events (10 events):
Event: 2.259 Thread 0x000000000882c000 nmethod 210 0x0000000002444a90 code [0x0000000002444be0, 0x0000000002444e58]
Event: 2.259 Thread 0x000000000882c000  212             java.util.AbstractMap::<init> (15 bytes)
Event: 2.259 Thread 0x000000000882c000 nmethod 212 0x00000000024447d0 code [0x0000000002444900, 0x0000000002444958]
Event: 2.259 Thread 0x000000000882c000  213             com.android.dx.util.IntList::indexOf (16 bytes)
Event: 2.263 Thread 0x000000000882c000 nmethod 213 0x000000000243fb90 code [0x000000000243fce0, 0x000000000243fe98]
Event: 2.263 Thread 0x000000000882c000  214             com.android.dx.ssa.SsaMethod$2::addToUses (48 bytes)
Event: 2.289 Thread 0x000000000882c000 nmethod 214 0x000000000243e8d0 code [0x000000000243ea80, 0x000000000243f258]
Event: 2.289 Thread 0x000000000882c000  215             com.android.dx.rop.code.RegisterSpecList::set (7 bytes)
Event: 2.291 Thread 0x000000000882c000 nmethod 215 0x0000000002452c50 code [0x0000000002452da0, 0x0000000002452e98]
Event: 2.291 Thread 0x000000000882c000  216             com.android.dx.ssa.SCCP::run (298 bytes)

GC Heap History (2 events):
Event: 1.545 GC heap before
{Heap before GC invocations=1 (full 0):
 PSYoungGen      total 38400K, used 33280K [0x00000000eaa80000, 0x00000000ed500000, 0x0000000100000000)
  eden space 33280K, 100% used [0x00000000eaa80000,0x00000000ecb00000,0x00000000ecb00000)
  from space 5120K, 0% used [0x00000000ed000000,0x00000000ed000000,0x00000000ed500000)
  to   space 5120K, 0% used [0x00000000ecb00000,0x00000000ecb00000,0x00000000ed000000)
 ParOldGen       total 86528K, used 0K [0x00000000c0000000, 0x00000000c5480000, 0x00000000eaa80000)
  object space 86528K, 0% used [0x00000000c0000000,0x00000000c0000000,0x00000000c5480000)
 PSPermGen       total 21504K, used 5831K [0x00000000bae00000, 0x00000000bc300000, 0x00000000c0000000)
  object space 21504K, 27% used [0x00000000bae00000,0x00000000bb3b1ea0,0x00000000bc300000)
Event: 1.719 GC heap after
Heap after GC invocations=1 (full 0):
 PSYoungGen      total 38400K, used 5111K [0x00000000eaa80000, 0x00000000ef580000, 0x0000000100000000)
  eden space 33280K, 0% used [0x00000000eaa80000,0x00000000eaa80000,0x00000000ecb00000)
  from space 5120K, 99% used [0x00000000ecb00000,0x00000000ecffdfa0,0x00000000ed000000)
  to   space 5120K, 0% used [0x00000000ef080000,0x00000000ef080000,0x00000000ef580000)
 ParOldGen       total 86528K, used 1435K [0x00000000c0000000, 0x00000000c5480000, 0x00000000eaa80000)
  object space 86528K, 1% used [0x00000000c0000000,0x00000000c0166dc8,0x00000000c5480000)
 PSPermGen       total 21504K, used 5831K [0x00000000bae00000, 0x00000000bc300000, 0x00000000c0000000)
  object space 21504K, 27% used [0x00000000bae00000,0x00000000bb3b1ea0,0x00000000bc300000)
}

Deoptimization events (4 events):
Event: 1.060 Thread 0x0000000009a29800 Uncommon trap: reason=null_check action=make_not_entrant pc=0x00000000024009d8 method=com.android.dx.rop.code.LocalItem.equals(Ljava/lang/Object;)Z @ 1
Event: 1.093 Thread 0x00000000099de800 Uncommon trap: reason=class_check action=maybe_recompile pc=0x00000000023f9c74 method=com.android.dx.ssa.NormalSsaInsn.accept(Lcom/android/dx/ssa/SsaInsn$Visitor;)V @ 9
Event: 1.424 Thread 0x00000000099de800 Uncommon trap: reason=unreached action=reinterpret pc=0x0000000002413204 method=com.android.dx.rop.cst.Constant.compareTo(Lcom/android/dx/rop/cst/Constant;)I @ 12
Event: 1.802 Thread 0x00000000099de800 Uncommon trap: reason=null_check action=make_not_entrant pc=0x000000000243a4a8 method=com.android.dx.rop.code.RegisterSpec.equals(Ljava/lang/Object;)Z @ 1

Internal exceptions (10 events):
Event: 0.832 Thread 0x0000000009a29800 Threw 0x00000000eb2b5a48 at C:\re\jdk7u79\2331\hotspot\src\share\vm\prims\jvm.cpp:1304
Event: 0.838 Thread 0x0000000009af0000 Threw 0x00000000eb388ae0 at C:\re\jdk7u79\2331\hotspot\src\share\vm\prims\jvm.cpp:1304
Event: 0.839 Thread 0x0000000009af0000 Threw 0x00000000eb38eb20 at C:\re\jdk7u79\2331\hotspot\src\share\vm\prims\jvm.cpp:1304
Event: 0.842 Thread 0x0000000009af0000 Threw 0x00000000eb393200 at C:\re\jdk7u79\2331\hotspot\src\share\vm\prims\jvm.cpp:1304
Event: 0.843 Thread 0x0000000009a29800 Threw 0x00000000eb2c13d8 at C:\re\jdk7u79\2331\hotspot\src\share\vm\prims\jvm.cpp:1304
Event: 1.060 Thread 0x0000000009a29800 Implicit null exception at 0x0000000002400683 to 0x00000000024009bd
Event: 1.075 Thread 0x00000000099de800 Threw 0x00000000eb906be8 at C:\re\jdk7u79\2331\hotspot\src\share\vm\prims\jvm.cpp:1304
Event: 1.087 Thread 0x0000000009a29800 Threw 0x00000000eb7b30f0 at C:\re\jdk7u79\2331\hotspot\src\share\vm\prims\jvm.cpp:1304
Event: 1.423 Thread 0x00000000099de800 Threw 0x00000000ec40cf28 at C:\re\jdk7u79\2331\hotspot\src\share\vm\prims\jvm.cpp:1304
Event: 1.802 Thread 0x00000000099de800 Implicit null exception at 0x0000000002439671 to 0x000000000243a47d

Events (10 events):
Event: 1.422 loading class 0x0000000009b314f0
Event: 1.422 loading class 0x0000000009b314f0 done
Event: 1.424 Thread 0x00000000099de800 Uncommon trap: trap_request=0xffffffad fr.pc=0x0000000002413204
Event: 1.424 Thread 0x00000000099de800 DEOPT PACKING pc=0x0000000002413204 sp=0x000000000c5ee810
Event: 1.424 Thread 0x00000000099de800 DEOPT UNPACKING pc=0x00000000023b9064 sp=0x000000000c5ee7b0 mode 2
Event: 1.523 Executing VM operation: ParallelGCFailedAllocation
Event: 1.719 Executing VM operation: ParallelGCFailedAllocation done
Event: 1.802 Thread 0x00000000099de800 Uncommon trap: trap_request=0xfffffff4 fr.pc=0x000000000243a4a8
Event: 1.802 Thread 0x00000000099de800 DEOPT PACKING pc=0x000000000243a4a8 sp=0x000000000c5eec00
Event: 1.802 Thread 0x00000000099de800 DEOPT UNPACKING pc=0x00000000023b9064 sp=0x000000000c5eeb08 mode 2


Dynamic libraries:
0x000000013f200000 - 0x000000013f233000 	C:\Program Files\Java\jdk1.7.0_79\bin\java.exe
0x0000000077a20000 - 0x0000000077bca000 	C:\Windows\SYSTEM32\ntdll.dll
0x0000000077900000 - 0x0000000077a1f000 	C:\Windows\system32\kernel32.dll
0x000007fefd8b0000 - 0x000007fefd91a000 	C:\Windows\system32\KERNELBASE.dll
0x000007fefe390000 - 0x000007fefe46b000 	C:\Windows\system32\ADVAPI32.dll
0x000007fefdb70000 - 0x000007fefdc0f000 	C:\Windows\system32\msvcrt.dll
0x000007fefe470000 - 0x000007fefe48f000 	C:\Windows\SYSTEM32\sechost.dll
0x000007fefdc10000 - 0x000007fefdd3d000 	C:\Windows\system32\RPCRT4.dll
0x0000000077800000 - 0x00000000778fa000 	C:\Windows\system32\USER32.dll
0x000007fefe320000 - 0x000007fefe387000 	C:\Windows\system32\GDI32.dll
0x000007fefdfa0000 - 0x000007fefdfae000 	C:\Windows\system32\LPK.dll
0x000007fefded0000 - 0x000007fefdf9a000 	C:\Windows\system32\USP10.dll
0x000007fefc140000 - 0x000007fefc334000 	C:\Windows\WinSxS\amd64_microsoft.windows.common-controls_6595b64144ccf1df_6.0.7601.18837_none_fa3b1e3d17594757\COMCTL32.dll
0x000007fefe6a0000 - 0x000007fefe711000 	C:\Windows\system32\SHLWAPI.dll
0x000007feffa20000 - 0x000007feffa4e000 	C:\Windows\system32\IMM32.DLL
0x000007fefe800000 - 0x000007fefe909000 	C:\Windows\system32\MSCTF.dll
0x0000000079690000 - 0x0000000079762000 	C:\Program Files\Java\jdk1.7.0_79\jre\bin\msvcr100.dll
0x000000006e2e0000 - 0x000000006eab5000 	C:\Program Files\Java\jdk1.7.0_79\jre\bin\server\jvm.dll
0x000007fef5c30000 - 0x000007fef5c39000 	C:\Windows\system32\WSOCK32.dll
0x000007fefebb0000 - 0x000007fefebfd000 	C:\Windows\system32\WS2_32.dll
0x000007feff990000 - 0x000007feff998000 	C:\Windows\system32\NSI.dll
0x000007fefa220000 - 0x000007fefa25b000 	C:\Windows\system32\WINMM.dll
0x0000000077bf0000 - 0x0000000077bf7000 	C:\Windows\system32\PSAPI.DLL
0x0000000050060000 - 0x000000005006f000 	C:\Program Files\Java\jdk1.7.0_79\jre\bin\verify.dll
0x000000006d120000 - 0x000000006d148000 	C:\Program Files\Java\jdk1.7.0_79\jre\bin\java.dll
0x0000000000150000 - 0x0000000000165000 	C:\Program Files\Java\jdk1.7.0_79\jre\bin\zip.dll
0x0000000000720000 - 0x000000000073a000 	C:\Program Files\Java\jdk1.7.0_79\jre\bin\net.dll
0x000007fefcf30000 - 0x000007fefcf85000 	C:\Windows\system32\mswsock.dll
0x000007fefcf20000 - 0x000007fefcf27000 	C:\Windows\System32\wship6.dll
0x0000000001df0000 - 0x0000000001e01000 	C:\Program Files\Java\jdk1.7.0_79\jre\bin\nio.dll

VM Arguments:
jvm_args: -Djava.awt.headless=true -Xmx1024M -Dfile.encoding=windows-1252 -Duser.country=US -Duser.language=en -Duser.variant 
java_command: com.android.dx.command.Main --dex --num-threads=4 --multi-dex --output C:\Users\Stephen\Documents\WhereYa@\app\build\intermediates\transforms\dex\debug\folders\1000\10\com.google.android.gms-play-services-vision-8.4.0_f5edac08fabfdcea1e5c01923f4a2dc53998c044 C:\Users\Stephen\Documents\WhereYa@\app\build\intermediates\exploded-aar\com.google.android.gms\play-services-vision\8.4.0\jars\classes.jar
Launcher Type: SUN_STANDARD

Environment Variables:
PATH=C:\oraclexe\app\oracle\product\11.2.0\server\bin;C:\Program Files\Common Files\Microsoft Shared\Windows Live;C:\Program Files (x86)\Common Files\Microsoft Shared\Windows Live;C:\Program Files (x86)\NVIDIA Corporation\PhysX\Common;C:\ProgramData\Oracle\Java\javapath;C:\Windows\system32;C:\Windows;C:\Windows\System32\Wbem;C:\Windows\System32\WindowsPowerShell\v1.0\;C:\Program Files\WIDCOMM\Bluetooth Software\;C:\Program Files\WIDCOMM\Bluetooth Software\syswow64;C:\Program Files (x86)\Windows Kits\8.1\Windows Performance Toolkit\;C:\Program Files\Microsoft SQL Server\110\Tools\Binn\;C:\Program Files (x86)\Microsoft SDKs\TypeScript\1.0\;C:\Program Files\Microsoft SQL Server\120\Tools\Binn\;C:\Program Files\Microsoft SQL Server\Client SDK\ODBC\110\Tools\Binn\;C:\Program Files (x86)\Microsoft SQL Server\120\Tools\Binn\;C:\Program Files\Microsoft SQL Server\120\DTS\Binn\;C:\Program Files (x86)\Microsoft SQL Server\120\Tools\Binn\ManagementStudio\;C:\Program Files (x86)\Microsoft SQL Server\120\DTS\Binn\;C:\Program Files (x86)\Windows Live\Shared;C:\Program Files\nodejs\;C:\Program Files (x86)\Skype\Phone\;C:\Windows\system32\config\systemprofile\.dnx\bin;C:\Program Files\Microsoft DNX\Dnvm\;C:\Program Files\Microsoft SQL Server\130\Tools\Binn\;C:\php;C:\php-5.6.14-nts-Win32-VC11-x86;C:\ProgramData\ComposerSetup\bin;C:\Program Files\Git\cmd;C:\Program Files (x86)\Microsoft SQL Server\Client SDK\ODBC\130\Tools\Binn\;C:\Program Files (x86)\Microsoft SQL Server\130\Tools\Binn\;C:\Program Files (x86)\Microsoft SQL Server\130\DTS\Binn\;C:\Program Files (x86)\Microsoft SQL Server\130\Tools\Binn\ManagementStudio\;C:\Users\Stephen\AppData\Roaming\npm;C:\Users\Stephen\AppData\Roaming\Composer\vendor\bin
USERNAME=Stephen
OS=Windows_NT
PROCESSOR_IDENTIFIER=Intel64 Family 6 Model 30 Stepping 5, GenuineIntel



---------------  S Y S T E M  ---------------

OS: Windows 7 , 64 bit Build 7601 Service Pack 1

CPU:total 8 (4 cores per cpu, 2 threads per core) family 6 model 30 stepping 5, cmov, cx8, fxsr, mmx, sse, sse2, sse3, ssse3, sse4.1, sse4.2, popcnt, ht, tsc, tscinvbit

Memory: 4k page, physical 8321596k(1057324k free), swap 10376516k(5320k free)

vm_info: Java HotSpot(TM) 64-Bit Server VM (24.79-b02) for windows-amd64 JRE (1.7.0_79-b15), built on Apr 10 2015 12:36:16 by "java_re" with unknown MS VC++:1600

time: Tue Dec 06 18:52:25 2016
elapsed time: 2 seconds

