#
# There is insufficient memory for the Java Runtime Environment to continue.
# Native memory allocation (malloc) failed to allocate 1961296 bytes for Chunk::new
# Possible reasons:
#   The system is out of physical RAM or swap space
#   In 32 bit mode, the process size limit was hit
# Possible solutions:
#   Reduce memory load on the system
#   Increase physical memory or swap space
#   Check if swap backing store is full
#   Use 64 bit Java on a 64 bit OS
#   Decrease Java heap size (-Xmx/-Xms)
#   Decrease number of Java threads
#   Decrease Java thread stack sizes (-Xss)
#   Set larger code cache with -XX:ReservedCodeCacheSize=
# This output file may be truncated or incomplete.
#
#  Out of Memory Error (allocation.cpp:323), pid=1708, tid=8448
#
# JRE version: Java(TM) SE Runtime Environment (7.0_79-b15) (build 1.7.0_79-b15)
# Java VM: Java HotSpot(TM) 64-Bit Server VM (24.79-b02 mixed mode windows-amd64 compressed oops)
# Failed to write core dump. Minidumps are not enabled by default on client versions of Windows
#

---------------  T H R E A D  ---------------

Current thread (0x0000000009954000):  JavaThread "C2 CompilerThread1" daemon [_thread_in_native, id=8448, stack(0x000000000a970000,0x000000000aa70000)]

Stack: [0x000000000a970000,0x000000000aa70000]
[error occurred during error reporting (printing stack bounds), id 0xc0000005]


Current CompileTask:
C2:   3010  197             com.android.dx.ssa.SCCP::run (298 bytes)


---------------  P R O C E S S  ---------------

Java Threads: ( => current thread )
  0x0000000009c50000 JavaThread "pool-2-thread-4" [_thread_in_Java, id=5436, stack(0x000000000c0d0000,0x000000000c1d0000)]
  0x0000000009c4f000 JavaThread "pool-2-thread-3" [_thread_in_vm, id=7324, stack(0x000000000bea0000,0x000000000bfa0000)]
  0x0000000009c4e800 JavaThread "pool-2-thread-2" [_thread_in_vm, id=1972, stack(0x000000000bc50000,0x000000000bd50000)]
  0x0000000009c3a000 JavaThread "pool-3-thread-1" [_thread_blocked, id=7096, stack(0x000000000ba60000,0x000000000bb60000)]
  0x0000000009b28800 JavaThread "pool-2-thread-1" [_thread_in_Java, id=8016, stack(0x000000000b880000,0x000000000b980000)]
  0x000000000995a000 JavaThread "Service Thread" daemon [_thread_blocked, id=8212, stack(0x000000000b1d0000,0x000000000b2d0000)]
=>0x0000000009954000 JavaThread "C2 CompilerThread1" daemon [_thread_in_native, id=8448, stack(0x000000000a970000,0x000000000aa70000)]
  0x00000000089cb800 JavaThread "C2 CompilerThread0" daemon [_thread_in_native, id=5104, stack(0x000000000ac30000,0x000000000ad30000)]
  0x00000000089ca000 JavaThread "Attach Listener" daemon [_thread_blocked, id=8408, stack(0x000000000b090000,0x000000000b190000)]
  0x00000000089c9000 JavaThread "Signal Dispatcher" daemon [_thread_blocked, id=8372, stack(0x000000000aeb0000,0x000000000afb0000)]
  0x00000000089b0800 JavaThread "Finalizer" daemon [_thread_blocked, id=8548, stack(0x000000000ad50000,0x000000000ae50000)]
  0x0000000001e5a800 JavaThread "Reference Handler" daemon [_thread_blocked, id=8436, stack(0x000000000ab10000,0x000000000ac10000)]
  0x0000000001e6f000 JavaThread "main" [_thread_in_Java, id=8972, stack(0x0000000002040000,0x0000000002140000)]

Other Threads:
  0x00000000089ad800 VMThread [stack: 0x000000000a870000,0x000000000a970000] [id=8468]
  0x0000000009967000 WatcherThread [stack: 0x000000000b400000,0x000000000b500000] [id=8740]

VM state:not at safepoint (normal execution)

VM Mutex/Monitor currently owned by a thread: None

Heap
 PSYoungGen      total 38400K, used 16153K [0x00000000eaa80000, 0x00000000ef580000, 0x0000000100000000)
  eden space 33280K, 33% used [0x00000000eaa80000,0x00000000eb54ce48,0x00000000ecb00000)
  from space 5120K, 99% used [0x00000000ecb00000,0x00000000ecff9618,0x00000000ed000000)
  to   space 5120K, 0% used [0x00000000ef080000,0x00000000ef080000,0x00000000ef580000)
 ParOldGen       total 86528K, used 1496K [0x00000000c0000000, 0x00000000c5480000, 0x00000000eaa80000)
  object space 86528K, 1% used [0x00000000c0000000,0x00000000c0176250,0x00000000c5480000)
 PSPermGen       total 21504K, used 5882K [0x00000000bae00000, 0x00000000bc300000, 0x00000000c0000000)
  object space 21504K, 27% used [0x00000000bae00000,0x00000000bb3be868,0x00000000bc300000)

Card table byte_map: [0x0000000005200000,0x0000000005430000] byte_map_base: 0x0000000004c29000

Polling page: 0x0000000000310000

Code Cache  [0x0000000002140000, 0x00000000023b0000, 0x0000000005140000)
 total_blobs=434 nmethods=198 adapters=189 free_code_cache=48341Kb largest_free_block=49462400

Compilation events (10 events):
Event: 2.236 Thread 0x0000000009954000 nmethod 193 0x00000000021b8d90 code [0x00000000021b8ec0, 0x00000000021b8f98]
Event: 2.236 Thread 0x0000000009954000  194             com.android.dx.ssa.SsaMethod::bitSetFromLabelList (47 bytes)
Event: 2.249 Thread 0x0000000009954000 nmethod 194 0x00000000021f8f10 code [0x00000000021f9080, 0x00000000021f94c8]
Event: 2.249 Thread 0x0000000009954000  195             java.util.HashMap::containsKey (14 bytes)
Event: 2.255 Thread 0x0000000009954000 nmethod 195 0x0000000002205850 code [0x00000000022059c0, 0x0000000002205bc8]
Event: 2.255 Thread 0x0000000009954000  196             java.util.HashSet::contains (9 bytes)
Event: 2.261 Thread 0x0000000009954000 nmethod 196 0x00000000022051d0 code [0x0000000002205340, 0x0000000002205588]
Event: 2.261 Thread 0x0000000009954000  197             com.android.dx.ssa.SCCP::run (298 bytes)
Event: 2.391 Thread 0x00000000089cb800 nmethod 185 0x000000000220dd10 code [0x000000000220e0c0, 0x00000000022105f8]
Event: 2.391 Thread 0x00000000089cb800  198             com.android.dx.ssa.SCCP::simulateBranch (666 bytes)

GC Heap History (2 events):
Event: 2.524 GC heap before
{Heap before GC invocations=1 (full 0):
 PSYoungGen      total 38400K, used 33280K [0x00000000eaa80000, 0x00000000ed500000, 0x0000000100000000)
  eden space 33280K, 100% used [0x00000000eaa80000,0x00000000ecb00000,0x00000000ecb00000)
  from space 5120K, 0% used [0x00000000ed000000,0x00000000ed000000,0x00000000ed500000)
  to   space 5120K, 0% used [0x00000000ecb00000,0x00000000ecb00000,0x00000000ed000000)
 ParOldGen       total 86528K, used 0K [0x00000000c0000000, 0x00000000c5480000, 0x00000000eaa80000)
  object space 86528K, 0% used [0x00000000c0000000,0x00000000c0000000,0x00000000c5480000)
 PSPermGen       total 21504K, used 5852K [0x00000000bae00000, 0x00000000bc300000, 0x00000000c0000000)
  object space 21504K, 27% used [0x00000000bae00000,0x00000000bb3b7070,0x00000000bc300000)
Event: 2.674 GC heap after
Heap after GC invocations=1 (full 0):
 PSYoungGen      total 38400K, used 5093K [0x00000000eaa80000, 0x00000000ef580000, 0x0000000100000000)
  eden space 33280K, 0% used [0x00000000eaa80000,0x00000000eaa80000,0x00000000ecb00000)
  from space 5120K, 99% used [0x00000000ecb00000,0x00000000ecff9618,0x00000000ed000000)
  to   space 5120K, 0% used [0x00000000ef080000,0x00000000ef080000,0x00000000ef580000)
 ParOldGen       total 86528K, used 1496K [0x00000000c0000000, 0x00000000c5480000, 0x00000000eaa80000)
  object space 86528K, 1% used [0x00000000c0000000,0x00000000c0176250,0x00000000c5480000)
 PSPermGen       total 21504K, used 5852K [0x00000000bae00000, 0x00000000bc300000, 0x00000000c0000000)
  object space 21504K, 27% used [0x00000000bae00000,0x00000000bb3b7070,0x00000000bc300000)
}

Deoptimization events (5 events):
Event: 1.180 Thread 0x0000000001e6f000 Uncommon trap: reason=null_check action=make_not_entrant pc=0x00000000021bfacc method=com.android.dx.rop.code.LocalItem.equals(Ljava/lang/Object;)Z @ 1
Event: 2.478 Thread 0x0000000009c50000 Uncommon trap: reason=null_check action=make_not_entrant pc=0x00000000021f40f8 method=com.android.dx.ssa.SsaRenamer.getLocalForNewReg(I)Lcom/android/dx/rop/code/LocalItem; @ 19
Event: 2.871 Thread 0x0000000009c4e800 Uncommon trap: reason=class_check action=maybe_recompile pc=0x00000000021d3a14 method=com.android.dx.ssa.NormalSsaInsn.accept(Lcom/android/dx/ssa/SsaInsn$Visitor;)V @ 9
Event: 2.902 Thread 0x0000000009c4e800 Uncommon trap: reason=class_check action=maybe_recompile pc=0x00000000021d3a14 method=com.android.dx.ssa.NormalSsaInsn.accept(Lcom/android/dx/ssa/SsaInsn$Visitor;)V @ 9
Event: 2.917 Thread 0x0000000001e6f000 Uncommon trap: reason=class_check action=maybe_recompile pc=0x00000000021d3a14 method=com.android.dx.ssa.NormalSsaInsn.accept(Lcom/android/dx/ssa/SsaInsn$Visitor;)V @ 9

Internal exceptions (10 events):
Event: 0.933 Thread 0x0000000001e6f000 Threw 0x00000000eb565200 at C:\re\jdk7u79\2331\hotspot\src\share\vm\prims\jvm.cpp:1304
Event: 1.057 Thread 0x0000000001e6f000 Threw 0x00000000eb7e6678 at C:\re\jdk7u79\2331\hotspot\src\share\vm\prims\jvm.cpp:1304
Event: 1.077 Thread 0x0000000009b28800 Threw 0x00000000eb842600 at C:\re\jdk7u79\2331\hotspot\src\share\vm\prims\jvm.cpp:1304
Event: 1.079 Thread 0x0000000009b28800 Threw 0x00000000eb847e70 at C:\re\jdk7u79\2331\hotspot\src\share\vm\prims\jvm.cpp:1304
Event: 1.079 Thread 0x0000000009b28800 Threw 0x00000000eb84d3a8 at C:\re\jdk7u79\2331\hotspot\src\share\vm\prims\jvm.cpp:1304
Event: 1.129 Thread 0x0000000009c4e800 Threw 0x00000000eba5e198 at C:\re\jdk7u79\2331\hotspot\src\share\vm\prims\jvm.cpp:1304
Event: 1.180 Thread 0x0000000001e6f000 Implicit null exception at 0x00000000021bf778 to 0x00000000021bfab5
Event: 1.206 Thread 0x0000000009c4e800 Threw 0x00000000ebc40f18 at C:\re\jdk7u79\2331\hotspot\src\share\vm\prims\jvm.cpp:1304
Event: 2.478 Thread 0x0000000009c50000 Implicit null exception at 0x00000000021f309a to 0x00000000021f40dd
Event: 2.791 Thread 0x0000000001e6f000 Threw 0x00000000eaef9f20 at C:\re\jdk7u79\2331\hotspot\src\share\vm\prims\jvm.cpp:1304

Events (10 events):
Event: 2.791 loading class 0x0000000009b439f0 done
Event: 2.871 Thread 0x0000000009c4e800 Uncommon trap: trap_request=0xffffffde fr.pc=0x00000000021d3a14
Event: 2.871 Thread 0x0000000009c4e800 DEOPT PACKING pc=0x00000000021d3a14 sp=0x000000000bd4ed50
Event: 2.871 Thread 0x0000000009c4e800 DEOPT UNPACKING pc=0x0000000002179064 sp=0x000000000bd4eca0 mode 2
Event: 2.902 Thread 0x0000000009c4e800 Uncommon trap: trap_request=0xffffffde fr.pc=0x00000000021d3a14
Event: 2.902 Thread 0x0000000009c4e800 DEOPT PACKING pc=0x00000000021d3a14 sp=0x000000000bd4ed10
Event: 2.902 Thread 0x0000000009c4e800 DEOPT UNPACKING pc=0x0000000002179064 sp=0x000000000bd4ec60 mode 2
Event: 2.917 Thread 0x0000000001e6f000 Uncommon trap: trap_request=0xffffffde fr.pc=0x00000000021d3a14
Event: 2.917 Thread 0x0000000001e6f000 DEOPT PACKING pc=0x00000000021d3a14 sp=0x000000000213e2a0
Event: 2.917 Thread 0x0000000001e6f000 DEOPT UNPACKING pc=0x0000000002179064 sp=0x000000000213e1f0 mode 2


Dynamic libraries:
0x000000013f200000 - 0x000000013f233000 	C:\Program Files\Java\jdk1.7.0_79\bin\java.exe
0x0000000077a20000 - 0x0000000077bca000 	C:\Windows\SYSTEM32\ntdll.dll
0x0000000077900000 - 0x0000000077a1f000 	C:\Windows\system32\kernel32.dll
0x000007fefd8b0000 - 0x000007fefd91a000 	C:\Windows\system32\KERNELBASE.dll
0x000007fefe390000 - 0x000007fefe46b000 	C:\Windows\system32\ADVAPI32.dll
0x000007fefdb70000 - 0x000007fefdc0f000 	C:\Windows\system32\msvcrt.dll
0x000007fefe470000 - 0x000007fefe48f000 	C:\Windows\SYSTEM32\sechost.dll
0x000007fefdc10000 - 0x000007fefdd3d000 	C:\Windows\system32\RPCRT4.dll
0x0000000077800000 - 0x00000000778fa000 	C:\Windows\system32\USER32.dll
0x000007fefe320000 - 0x000007fefe387000 	C:\Windows\system32\GDI32.dll
0x000007fefdfa0000 - 0x000007fefdfae000 	C:\Windows\system32\LPK.dll
0x000007fefded0000 - 0x000007fefdf9a000 	C:\Windows\system32\USP10.dll
0x000007fefc140000 - 0x000007fefc334000 	C:\Windows\WinSxS\amd64_microsoft.windows.common-controls_6595b64144ccf1df_6.0.7601.18837_none_fa3b1e3d17594757\COMCTL32.dll
0x000007fefe6a0000 - 0x000007fefe711000 	C:\Windows\system32\SHLWAPI.dll
0x000007feffa20000 - 0x000007feffa4e000 	C:\Windows\system32\IMM32.DLL
0x000007fefe800000 - 0x000007fefe909000 	C:\Windows\system32\MSCTF.dll
0x0000000079690000 - 0x0000000079762000 	C:\Program Files\Java\jdk1.7.0_79\jre\bin\msvcr100.dll
0x000000006e2e0000 - 0x000000006eab5000 	C:\Program Files\Java\jdk1.7.0_79\jre\bin\server\jvm.dll
0x000007fef5c30000 - 0x000007fef5c39000 	C:\Windows\system32\WSOCK32.dll
0x000007fefebb0000 - 0x000007fefebfd000 	C:\Windows\system32\WS2_32.dll
0x000007feff990000 - 0x000007feff998000 	C:\Windows\system32\NSI.dll
0x000007fefa220000 - 0x000007fefa25b000 	C:\Windows\system32\WINMM.dll
0x0000000077bf0000 - 0x0000000077bf7000 	C:\Windows\system32\PSAPI.DLL
0x0000000050060000 - 0x000000005006f000 	C:\Program Files\Java\jdk1.7.0_79\jre\bin\verify.dll
0x000000006d120000 - 0x000000006d148000 	C:\Program Files\Java\jdk1.7.0_79\jre\bin\java.dll
0x0000000000340000 - 0x0000000000355000 	C:\Program Files\Java\jdk1.7.0_79\jre\bin\zip.dll
0x00000000003b0000 - 0x00000000003ca000 	C:\Program Files\Java\jdk1.7.0_79\jre\bin\net.dll
0x000007fefcf30000 - 0x000007fefcf85000 	C:\Windows\system32\mswsock.dll
0x000007fefcf20000 - 0x000007fefcf27000 	C:\Windows\System32\wship6.dll
0x00000000005e0000 - 0x00000000005f1000 	C:\Program Files\Java\jdk1.7.0_79\jre\bin\nio.dll

VM Arguments:
jvm_args: -Djava.awt.headless=true -Xmx1024M -Dfile.encoding=windows-1252 -Duser.country=US -Duser.language=en -Duser.variant 
java_command: com.android.dx.command.Main --dex --num-threads=4 --multi-dex --output C:\Users\Stephen\Documents\WhereYa@\app\build\intermediates\transforms\dex\debug\folders\1000\10\com.google.android.gms-play-services-base-8.4.0_a3cf768630e2c2a0efe683f01bb33fcb7a39c09b C:\Users\Stephen\Documents\WhereYa@\app\build\intermediates\exploded-aar\com.google.android.gms\play-services-base\8.4.0\jars\classes.jar
Launcher Type: SUN_STANDARD

Environment Variables:
PATH=C:\oraclexe\app\oracle\product\11.2.0\server\bin;C:\Program Files\Common Files\Microsoft Shared\Windows Live;C:\Program Files (x86)\Common Files\Microsoft Shared\Windows Live;C:\Program Files (x86)\NVIDIA Corporation\PhysX\Common;C:\ProgramData\Oracle\Java\javapath;C:\Windows\system32;C:\Windows;C:\Windows\System32\Wbem;C:\Windows\System32\WindowsPowerShell\v1.0\;C:\Program Files\WIDCOMM\Bluetooth Software\;C:\Program Files\WIDCOMM\Bluetooth Software\syswow64;C:\Program Files (x86)\Windows Kits\8.1\Windows Performance Toolkit\;C:\Program Files\Microsoft SQL Server\110\Tools\Binn\;C:\Program Files (x86)\Microsoft SDKs\TypeScript\1.0\;C:\Program Files\Microsoft SQL Server\120\Tools\Binn\;C:\Program Files\Microsoft SQL Server\Client SDK\ODBC\110\Tools\Binn\;C:\Program Files (x86)\Microsoft SQL Server\120\Tools\Binn\;C:\Program Files\Microsoft SQL Server\120\DTS\Binn\;C:\Program Files (x86)\Microsoft SQL Server\120\Tools\Binn\ManagementStudio\;C:\Program Files (x86)\Microsoft SQL Server\120\DTS\Binn\;C:\Program Files (x86)\Windows Live\Shared;C:\Program Files\nodejs\;C:\Program Files (x86)\Skype\Phone\;C:\Windows\system32\config\systemprofile\.dnx\bin;C:\Program Files\Microsoft DNX\Dnvm\;C:\Program Files\Microsoft SQL Server\130\Tools\Binn\;C:\php;C:\php-5.6.14-nts-Win32-VC11-x86;C:\ProgramData\ComposerSetup\bin;C:\Program Files\Git\cmd;C:\Program Files (x86)\Microsoft SQL Server\Client SDK\ODBC\130\Tools\Binn\;C:\Program Files (x86)\Microsoft SQL Server\130\Tools\Binn\;C:\Program Files (x86)\Microsoft SQL Server\130\DTS\Binn\;C:\Program Files (x86)\Microsoft SQL Server\130\Tools\Binn\ManagementStudio\;C:\Users\Stephen\AppData\Roaming\npm;C:\Users\Stephen\AppData\Roaming\Composer\vendor\bin
USERNAME=Stephen
OS=Windows_NT
PROCESSOR_IDENTIFIER=Intel64 Family 6 Model 30 Stepping 5, GenuineIntel



---------------  S Y S T E M  ---------------

OS: Windows 7 , 64 bit Build 7601 Service Pack 1

CPU:total 8 (4 cores per cpu, 2 threads per core) family 6 model 30 stepping 5, cmov, cx8, fxsr, mmx, sse, sse2, sse3, ssse3, sse4.1, sse4.2, popcnt, ht, tsc, tscinvbit

Memory: 4k page, physical 8321596k(1696724k free), swap 10376516k(6156k free)

vm_info: Java HotSpot(TM) 64-Bit Server VM (24.79-b02) for windows-amd64 JRE (1.7.0_79-b15), built on Apr 10 2015 12:36:16 by "java_re" with unknown MS VC++:1600

time: Tue Dec 06 18:52:54 2016
elapsed time: 3 seconds

